[+] Containers:
 |- [+] Container: /Game/ThirdPerson/Maps/ThirdPersonMap
 |   |- [+] ActorDescs:
 |   |   |- Guid:0AD7BC1A409148C3786B6D80893DD2CD BaseClass:/Game/CORREGIR/BP_canon.BP_canon_C NativeClass:/Script/Engine.Actor Name:BP_canon_C_UAID_2CF05DE4A0F4586D02_1527378091 Label:BP_canon2 SpatiallyLoaded:1 Bounds:IsValid=true, Min=(X=-80.000 Y=-890.000 Z=380.000), Max=(X=270.000 Y=-730.000 Z=540.000) RuntimeGrid:None EditorOnly:0 RuntimeOnly:0 HLODRelevant:0 ListedInSceneOutliner:1 IsMainWorldOnly:0
 |   |   |- Guid:0B1267934ACD0F53AE36709C3D5B54AD BaseClass: NativeClass:/Script/Engine.StaticMeshActor Name:StaticMeshActor_UAID_2CF05DE4A0F4186D02_1774599851 Label:Plane3 SpatiallyLoaded:1 Bounds:IsValid=true, Min=(X=440.000 Y=-415.412 Z=500.000), Max=(X=740.000 Y=475.412 Z=525.000) RuntimeGrid:None EditorOnly:0 RuntimeOnly:0 HLODRelevant:1 ListedInSceneOutliner:1 IsMainWorldOnly:0
 |   |   |- Guid:0C63F6C346B6A8584399A397EE7AC892 BaseClass:/Game/CORREGIR/BP_Botas.BP_Botas_C NativeClass:/Script/Engine.Actor Name:BP_Botas_C_UAID_2CF05DE4A0F40C6D02_1131814722 Label:BP_Botas SpatiallyLoaded:1 Bounds:IsValid=true, Min=(X=-32.000 Y=-3242.000 Z=398.000), Max=(X=32.000 Y=-3178.000 Z=480.000) RuntimeGrid:None EditorOnly:0 RuntimeOnly:0 HLODRelevant:0 ListedInSceneOutliner:1 IsMainWorldOnly:0
 |   |   |- Guid:0F1A280247F5415DEEAD7A86FE9DA6D5 BaseClass:/Game/CORREGIR/BP_MovingPlatform.BP_MovingPlatform_C NativeClass:/Script/Engine.Actor Name:BP_MovingPlatform_C_UAID_2CF05DE4A0F4166D02_1541909494 Label:BP_MovingPlatform2 SpatiallyLoaded:1 Bounds:IsValid=true, Min=(X=-184.917 Y=-3062.089 Z=345.000), Max=(X=184.917 Y=-2677.911 Z=395.000) RuntimeGrid:None EditorOnly:0 RuntimeOnly:0 HLODRelevant:0 ListedInSceneOutliner:1 IsMainWorldOnly:0
 |   |   |- Guid:10FD1B7E4DD1CDAB7CF38AB7119A55D1 BaseClass: NativeClass:/Script/Engine.StaticMeshActor Name:StaticMeshActor_UAID_2CF05DE4A0F40D6D02_1876894902 Label:Plane9 SpatiallyLoaded:1 Bounds:IsValid=true, Min=(X=-150.000 Y=1700.000 Z=770.000), Max=(X=150.000 Y=2000.000 Z=795.000) RuntimeGrid:None EditorOnly:0 RuntimeOnly:0 HLODRelevant:1 ListedInSceneOutliner:1 IsMainWorldOnly:0
 |   |   |- Guid:14E77FAC4E1DDC885A4F7C95B81E9D19 BaseClass: NativeClass:/Script/Engine.AmbientSound Name:AmbientSound_UAID_2CF05DE4A0F4516D02_1620647855 Label:161438-Birds-Crickets-Costa_Rica-Early_Morning_4 SpatiallyLoaded:1 Bounds:IsValid=true, Min=(X=-390.000 Y=-450.000 Z=820.000), Max=(X=-390.000 Y=-450.000 Z=820.000) RuntimeGrid:None EditorOnly:0 RuntimeOnly:0 HLODRelevant:0 ListedInSceneOutliner:1 IsMainWorldOnly:0
 |   |   |- Guid:2FB58999456391D349DC0F86DAC136ED BaseClass: NativeClass:/Script/Engine.SkyLight Name:SkyLight_1 Label:SkyLight SpatiallyLoaded:0 Bounds:IsValid=true, Min=(X=0.000 Y=0.000 Z=690.000), Max=(X=0.000 Y=0.000 Z=690.000) RuntimeGrid:None EditorOnly:0 RuntimeOnly:0 HLODRelevant:0 ListedInSceneOutliner:1 IsMainWorldOnly:0 FolderPath:Lighting FolderGuid:963EC3EB4002CCE9759E2EBA541A873A
 |   |   |- Guid:316CF2A6494ACA4C0E4180A87D36AB8F BaseClass: NativeClass:/Script/Engine.ExponentialHeightFog Name:ExponentialHeightFog_0 Label:ExponentialHeightFog SpatiallyLoaded:0 Bounds:IsValid=true, Min=(X=-5600.000 Y=-50.000 Z=-6850.000), Max=(X=-5600.000 Y=-50.000 Z=-6850.000) RuntimeGrid:None EditorOnly:0 RuntimeOnly:0 HLODRelevant:0 ListedInSceneOutliner:1 IsMainWorldOnly:0 FolderPath:Lighting FolderGuid:963EC3EB4002CCE9759E2EBA541A873A
 |   |   |- Guid:3A00AA1C422CE54C0BDB60BAF471BFBB BaseClass: NativeClass:/Script/Engine.PlayerStart Name:PlayerStart_0 Label:PlayerStart SpatiallyLoaded:0 Bounds:IsValid=true, Min=(X=-40.000 Y=-40.000 Z=398.000), Max=(X=40.000 Y=40.000 Z=582.000) RuntimeGrid:None EditorOnly:0 RuntimeOnly:0 HLODRelevant:0 ListedInSceneOutliner:1 IsMainWorldOnly:0
 |   |   |- Guid:3A59E3F94B5AD74D60CB1F88C6317C7E BaseClass:/Game/CORREGIR/BP_Key1.BP_Key1_C NativeClass:/Script/Engine.Actor Name:BP_Key1_C_UAID_2CF05DE4A0F4576D02_1987135914 Label:BP_Key2 SpatiallyLoaded:1 Bounds:IsValid=true, Min=(X=569.622 Y=399.622 Z=539.622), Max=(X=590.378 Y=420.378 Z=560.378) RuntimeGrid:None EditorOnly:0 RuntimeOnly:0 HLODRelevant:0 ListedInSceneOutliner:1 IsMainWorldOnly:0
 |   |   |- Guid:3AA7378342D02C1108268D8C31ECB9FD BaseClass:/Game/CORREGIR/BP_Jetpack.BP_Jetpack_C NativeClass:/Script/Engine.Actor Name:BP_Jetpack_C_UAID_2CF05DE4A0F40E6D02_2038386080 Label:BP_Jetpack SpatiallyLoaded:1 Bounds:IsValid=true, Min=(X=-32.000 Y=1818.000 Z=788.000), Max=(X=32.000 Y=1882.000 Z=870.000) RuntimeGrid:None EditorOnly:0 RuntimeOnly:0 HLODRelevant:0 ListedInSceneOutliner:1 IsMainWorldOnly:0
 |   |   |- Guid:4D3BE93F4146AAAC8BBE79999D96D57F BaseClass: NativeClass:/Script/Engine.VolumetricCloud Name:VolumetricCloud_0 Label:VolumetricCloud SpatiallyLoaded:0 Bounds:IsValid=true, Min=(X=0.000 Y=0.000 Z=820.000), Max=(X=0.000 Y=0.000 Z=820.000) RuntimeGrid:None EditorOnly:0 RuntimeOnly:0 HLODRelevant:0 ListedInSceneOutliner:1 IsMainWorldOnly:0 FolderPath:Lighting FolderGuid:963EC3EB4002CCE9759E2EBA541A873A
 |   |   |- Guid:4D683A334569C0C3C9832D8EBF4A2A64 BaseClass: NativeClass:/Script/Engine.StaticMeshActor Name:StaticMeshActor_UAID_2CF05DE4A0F4026D02_1996351951 Label:Plane SpatiallyLoaded:1 Bounds:IsValid=true, Min=(X=-150.000 Y=-150.000 Z=370.000), Max=(X=150.000 Y=150.000 Z=395.000) RuntimeGrid:None EditorOnly:0 RuntimeOnly:0 HLODRelevant:1 ListedInSceneOutliner:1 IsMainWorldOnly:0
 |   |   |- Guid:648941E3461235EC87C13D840B8E25F6 BaseClass:/Game/CORREGIR/BP_RotationManager.BP_RotationManager_C NativeClass:/Script/Engine.Actor Name:BP_RotationManager_C_UAID_2CF05DE4A0F4E36E02_1518224607 Label:BP_RotationManager SpatiallyLoaded:1 Bounds:IsValid=true, Min=(X=-560.000 Y=-30.000 Z=900.000), Max=(X=-560.000 Y=-30.000 Z=900.000) RuntimeGrid:None EditorOnly:0 RuntimeOnly:0 HLODRelevant:0 ListedInSceneOutliner:1 IsMainWorldOnly:0
 |   |   |- Guid:6A3D72A74E7F9DD29A88B0BA0FE18CA8 BaseClass: NativeClass:/Script/Engine.StaticMeshActor Name:StaticMeshActor_UAID_2CF05DE4A0F4076D02_1527048841 Label:Cylinder SpatiallyLoaded:1 Bounds:IsValid=true, Min=(X=-49.904 Y=-3259.128 Z=393.170), Max=(X=50.096 Y=-3159.128 Z=418.170) RuntimeGrid:None EditorOnly:0 RuntimeOnly:0 HLODRelevant:1 ListedInSceneOutliner:1 IsMainWorldOnly:0
 |   |   |- Guid:6BAF4DDD444C60371492D3919DB42C97 BaseClass: NativeClass:/Script/Engine.WorldDataLayers Name:WorldDataLayers Label:WorldDataLayers SpatiallyLoaded:0 Bounds:IsValid=true, Min=(X=0.000 Y=0.000 Z=0.000), Max=(X=0.000 Y=0.000 Z=0.000) RuntimeGrid:None EditorOnly:0 RuntimeOnly:0 HLODRelevant:0 ListedInSceneOutliner:1 IsMainWorldOnly:1
 |   |   |- Guid:6FFBD0494C0540A3CAB9288D078A4EC7 BaseClass:/Game/CORREGIR/BP_Key1.BP_Key1_C NativeClass:/Script/Engine.Actor Name:BP_Key1_C_UAID_2CF05DE4A0F44A6D02_1111524623 Label:BP_Key1 SpatiallyLoaded:1 Bounds:IsValid=true, Min=(X=452.000 Y=-488.000 Z=422.000), Max=(X=708.000 Y=-232.000 Z=678.000) RuntimeGrid:None EditorOnly:0 RuntimeOnly:0 HLODRelevant:0 ListedInSceneOutliner:1 IsMainWorldOnly:0
 |   |   |- Guid:716503364109E6E55BC640A6AA7ED6D9 BaseClass:/Game/CORREGIR/BP_MovingPlatform.BP_MovingPlatform_C NativeClass:/Script/Engine.Actor Name:BP_MovingPlatform_C_UAID_2CF05DE4A0F4166D02_1618490495 Label:BP_MovingPlatform3 SpatiallyLoaded:1 Bounds:IsValid=true, Min=(X=-184.917 Y=-1802.089 Z=345.000), Max=(X=184.917 Y=-1417.911 Z=395.000) RuntimeGrid:None EditorOnly:0 RuntimeOnly:0 HLODRelevant:0 ListedInSceneOutliner:1 IsMainWorldOnly:0
 |   |   |- Guid:8A5D52A44D9CBFFCEA362891322CA126 BaseClass: NativeClass:/Script/Engine.StaticMeshActor Name:StaticMeshActor_UAID_2CF05DE4A0F40F6D02_1954776260 Label:Plane2 SpatiallyLoaded:1 Bounds:IsValid=true, Min=(X=-150.000 Y=-1457.500 Z=370.000), Max=(X=150.000 Y=-182.500 Z=395.000) RuntimeGrid:None EditorOnly:0 RuntimeOnly:0 HLODRelevant:1 ListedInSceneOutliner:1 IsMainWorldOnly:0
 |   |   |- Guid:939C9B6B450B2D4178FBB6899BECBE82 BaseClass:/Game/CORREGIR/BP_RotationPlatform.BP_RotationPlatform_C NativeClass:/Script/Engine.Actor Name:BP_RotationPlatform_C_UAID_2CF05DE4A0F40F6D02_2058507261 Label:BP_RotationPlatform SpatiallyLoaded:1 Bounds:IsValid=true, Min=(X=160.000 Y=-30.000 Z=417.500), Max=(X=260.000 Y=70.000 Z=442.500) RuntimeGrid:None EditorOnly:0 RuntimeOnly:0 HLODRelevant:0 ListedInSceneOutliner:1 IsMainWorldOnly:0
 |   |   |- Guid:AD0EA3594A7ABF7E97C432AC2D7D639A BaseClass: NativeClass:/Script/Engine.StaticMeshActor Name:StaticMeshActor_UAID_2CF05DE4A0F4076D02_1500609840 Label:Plane5 SpatiallyLoaded:1 Bounds:IsValid=true, Min=(X=-150.000 Y=-3350.000 Z=370.000), Max=(X=150.000 Y=-3050.000 Z=395.000) RuntimeGrid:None EditorOnly:0 RuntimeOnly:0 HLODRelevant:1 ListedInSceneOutliner:1 IsMainWorldOnly:0
 |   |   |- Guid:AD87AE9241DF78669C1626B31607003F BaseClass:/Game/CORREGIR/BP_BouncePad.BP_BouncePad_C NativeClass:/Script/Engine.Actor Name:BP_BouncePad_C_UAID_2CF05DE4A0F4166D02_1798527496 Label:BP_BouncePad2 SpatiallyLoaded:1 Bounds:IsValid=true, Min=(X=-124.028 Y=847.775 Z=508.528), Max=(X=124.028 Y=1112.225 Z=531.472) RuntimeGrid:None EditorOnly:0 RuntimeOnly:0 HLODRelevant:0 ListedInSceneOutliner:1 IsMainWorldOnly:0
 |   |   |- Guid:B2237AEF48BDDD4CD4B78EA879AA4EAE BaseClass:/Game/CORREGIR/BP_RotationPlatform.BP_RotationPlatform_C NativeClass:/Script/Engine.Actor Name:BP_RotationPlatform_C_UAID_2CF05DE4A0F4186D02_1764046850 Label:BP_RotationPlatform2 SpatiallyLoaded:1 Bounds:IsValid=true, Min=(X=300.000 Y=-30.000 Z=457.500), Max=(X=400.000 Y=70.000 Z=482.500) RuntimeGrid:None EditorOnly:0 RuntimeOnly:0 HLODRelevant:0 ListedInSceneOutliner:1 IsMainWorldOnly:0
 |   |   |- Guid:B6BED5A84C2772A6A4E7CBB01330CB28 BaseClass:/Game/CORREGIR/VacioKiller.VacioKiller_C NativeClass:/Script/Engine.Actor Name:VacioKiller_C_UAID_2CF05DE4A0F4046D02_1267185308 Label:VacioKiller SpatiallyLoaded:1 Bounds:IsValid=true, Min=(X=-2296.867 Y=-5364.956 Z=-132.000), Max=(X=2296.867 Y=5364.956 Z=-68.000) RuntimeGrid:None EditorOnly:0 RuntimeOnly:0 HLODRelevant:0 ListedInSceneOutliner:1 IsMainWorldOnly:0
 |   |   |- Guid:B785ED2844B84CFB91E7F39FE661CD99 BaseClass: NativeClass:/Script/Engine.DirectionalLight Name:DirectionalLight_0 Label:DirectionalLight SpatiallyLoaded:0 Bounds:IsValid=true, Min=(X=-1048576.000 Y=-1048576.000 Z=-1048576.000), Max=(X=1048576.000 Y=1048576.000 Z=1048576.000) RuntimeGrid:None EditorOnly:0 RuntimeOnly:0 HLODRelevant:0 ListedInSceneOutliner:1 IsMainWorldOnly:0 FolderPath:Lighting FolderGuid:963EC3EB4002CCE9759E2EBA541A873A
 |   |   |- Guid:CB036FA848EAF150C6628D82D470F16A BaseClass:/Game/CORREGIR/BP_Puerta.BP_Puerta_C NativeClass:/Script/Engine.Actor Name:BP_Puerta_C_UAID_2CF05DE4A0F44A6D02_1127338625 Label:BP_Puerta SpatiallyLoaded:1 Bounds:IsValid=true, Min=(X=726.655 Y=-120.720 Z=469.939), Max=(X=753.345 Y=140.720 Z=710.061) RuntimeGrid:None EditorOnly:0 RuntimeOnly:0 HLODRelevant:0 ListedInSceneOutliner:1 IsMainWorldOnly:0
 |   |   |- Guid:CCFF262C46EEFFDF319E7F9539CE697E BaseClass: NativeClass:/Script/Engine.SkyAtmosphere Name:SkyAtmosphere_0 Label:SkyAtmosphere SpatiallyLoaded:0 Bounds:IsValid=true, Min=(X=0.000 Y=0.000 Z=1020.000), Max=(X=0.000 Y=0.000 Z=1020.000) RuntimeGrid:None EditorOnly:0 RuntimeOnly:0 HLODRelevant:0 ListedInSceneOutliner:1 IsMainWorldOnly:0 FolderPath:Lighting FolderGuid:963EC3EB4002CCE9759E2EBA541A873A
 |   |   |- Guid:D5A0A6274C5A8C00A15243A94B358323 BaseClass:/Game/CORREGIR/BP_BouncePad.BP_BouncePad_C NativeClass:/Script/Engine.Actor Name:BP_BouncePad_C_UAID_2CF05DE4A0F40F6D02_1442107257 Label:BP_BouncePad SpatiallyLoaded:1 Bounds:IsValid=true, Min=(X=-124.028 Y=377.775 Z=368.528), Max=(X=124.028 Y=642.225 Z=391.472) RuntimeGrid:None EditorOnly:0 RuntimeOnly:0 HLODRelevant:0 ListedInSceneOutliner:1 IsMainWorldOnly:0
 |   |   |- Guid:E19451E042A2A78FE877BF957D93DD9F BaseClass:/Game/CORREGIR/BP_canon.BP_canon_C NativeClass:/Script/Engine.Actor Name:BP_canon_C_UAID_2CF05DE4A0F4526D02_1511866032 Label:BP_canon SpatiallyLoaded:1 Bounds:IsValid=true, Min=(X=-320.000 Y=-620.000 Z=380.000), Max=(X=30.000 Y=-460.000 Z=540.000) RuntimeGrid:None EditorOnly:0 RuntimeOnly:0 HLODRelevant:0 ListedInSceneOutliner:1 IsMainWorldOnly:0
 |   |   |- Guid:EEBF98DA46BABA4734AFD593A2B2BD3C BaseClass: NativeClass:/Script/Engine.StaticMeshActor Name:StaticMeshActor_UAID_2CF05DE4A0F40D6D02_1894422903 Label:Cylinder2 SpatiallyLoaded:1 Bounds:IsValid=true, Min=(X=-49.904 Y=1800.872 Z=793.170), Max=(X=50.096 Y=1900.872 Z=818.170) RuntimeGrid:None EditorOnly:0 RuntimeOnly:0 HLODRelevant:1 ListedInSceneOutliner:1 IsMainWorldOnly:0
 |   |   |- Guid:F5E3FEB3450C49844FD93DA8E083C8AD BaseClass: NativeClass:/Script/Engine.PostProcessVolume Name:PostProcessVolume_0 Label:PostProcessVolume SpatiallyLoaded:0 Bounds:IsValid=true, Min=(X=0.000 Y=0.000 Z=400.000), Max=(X=200.000 Y=200.000 Z=600.000) RuntimeGrid:None EditorOnly:0 RuntimeOnly:0 HLODRelevant:0 ListedInSceneOutliner:1 IsMainWorldOnly:0 FolderPath:Lighting FolderGuid:963EC3EB4002CCE9759E2EBA541A873A
 |   |   |- Guid:F7E67CEA4E1A7A4D7CB4549AC2C7B400 BaseClass:/Game/CORREGIR/BP_canon.BP_canon_C NativeClass:/Script/Engine.Actor Name:BP_canon_C_UAID_2CF05DE4A0F4586D02_1535288092 Label:BP_canon3 SpatiallyLoaded:1 Bounds:IsValid=true, Min=(X=-320.000 Y=-1170.000 Z=380.000), Max=(X=30.000 Y=-1010.000 Z=540.000) RuntimeGrid:None EditorOnly:0 RuntimeOnly:0 HLODRelevant:0 ListedInSceneOutliner:1 IsMainWorldOnly:0
 |   |   |- Guid:FFA82D9E4154EC458343B69404C0A07E BaseClass:/Game/CORREGIR/BP_BouncePad.BP_BouncePad_C NativeClass:/Script/Engine.Actor Name:BP_BouncePad_C_UAID_2CF05DE4A0F4166D02_1807661497 Label:BP_BouncePad3 SpatiallyLoaded:1 Bounds:IsValid=true, Min=(X=-124.028 Y=1267.775 Z=668.528), Max=(X=124.028 Y=1532.225 Z=691.472) RuntimeGrid:None EditorOnly:0 RuntimeOnly:0 HLODRelevant:0 ListedInSceneOutliner:1 IsMainWorldOnly:0
 |   |- [+] Clusters:
 |   |   |- [+] [  0]
 |   |   |   |- Guid:0AD7BC1A409148C3786B6D80893DD2CD BaseClass:/Game/CORREGIR/BP_canon.BP_canon_C NativeClass:/Script/Engine.Actor Name:BP_canon_C_UAID_2CF05DE4A0F4586D02_1527378091 Label:BP_canon2 SpatiallyLoaded:1 Bounds:IsValid=true, Min=(X=-80.000 Y=-890.000 Z=380.000), Max=(X=270.000 Y=-730.000 Z=540.000) RuntimeGrid:None EditorOnly:0 RuntimeOnly:0 HLODRelevant:0 ListedInSceneOutliner:1 IsMainWorldOnly:0
 |   |   |- [+] [  1]
 |   |   |   |- Guid:0B1267934ACD0F53AE36709C3D5B54AD BaseClass: NativeClass:/Script/Engine.StaticMeshActor Name:StaticMeshActor_UAID_2CF05DE4A0F4186D02_1774599851 Label:Plane3 SpatiallyLoaded:1 Bounds:IsValid=true, Min=(X=440.000 Y=-415.412 Z=500.000), Max=(X=740.000 Y=475.412 Z=525.000) RuntimeGrid:None EditorOnly:0 RuntimeOnly:0 HLODRelevant:1 ListedInSceneOutliner:1 IsMainWorldOnly:0
 |   |   |- [+] [  2]
 |   |   |   |- Guid:0C63F6C346B6A8584399A397EE7AC892 BaseClass:/Game/CORREGIR/BP_Botas.BP_Botas_C NativeClass:/Script/Engine.Actor Name:BP_Botas_C_UAID_2CF05DE4A0F40C6D02_1131814722 Label:BP_Botas SpatiallyLoaded:1 Bounds:IsValid=true, Min=(X=-32.000 Y=-3242.000 Z=398.000), Max=(X=32.000 Y=-3178.000 Z=480.000) RuntimeGrid:None EditorOnly:0 RuntimeOnly:0 HLODRelevant:0 ListedInSceneOutliner:1 IsMainWorldOnly:0
 |   |   |   |- Guid:3A59E3F94B5AD74D60CB1F88C6317C7E BaseClass:/Game/CORREGIR/BP_Key1.BP_Key1_C NativeClass:/Script/Engine.Actor Name:BP_Key1_C_UAID_2CF05DE4A0F4576D02_1987135914 Label:BP_Key2 SpatiallyLoaded:1 Bounds:IsValid=true, Min=(X=569.622 Y=399.622 Z=539.622), Max=(X=590.378 Y=420.378 Z=560.378) RuntimeGrid:None EditorOnly:0 RuntimeOnly:0 HLODRelevant:0 ListedInSceneOutliner:1 IsMainWorldOnly:0
 |   |   |   |- Guid:3AA7378342D02C1108268D8C31ECB9FD BaseClass:/Game/CORREGIR/BP_Jetpack.BP_Jetpack_C NativeClass:/Script/Engine.Actor Name:BP_Jetpack_C_UAID_2CF05DE4A0F40E6D02_2038386080 Label:BP_Jetpack SpatiallyLoaded:1 Bounds:IsValid=true, Min=(X=-32.000 Y=1818.000 Z=788.000), Max=(X=32.000 Y=1882.000 Z=870.000) RuntimeGrid:None EditorOnly:0 RuntimeOnly:0 HLODRelevant:0 ListedInSceneOutliner:1 IsMainWorldOnly:0
 |   |   |   |- Guid:648941E3461235EC87C13D840B8E25F6 BaseClass:/Game/CORREGIR/BP_RotationManager.BP_RotationManager_C NativeClass:/Script/Engine.Actor Name:BP_RotationManager_C_UAID_2CF05DE4A0F4E36E02_1518224607 Label:BP_RotationManager SpatiallyLoaded:1 Bounds:IsValid=true, Min=(X=-560.000 Y=-30.000 Z=900.000), Max=(X=-560.000 Y=-30.000 Z=900.000) RuntimeGrid:None EditorOnly:0 RuntimeOnly:0 HLODRelevant:0 ListedInSceneOutliner:1 IsMainWorldOnly:0
 |   |   |   |- Guid:6FFBD0494C0540A3CAB9288D078A4EC7 BaseClass:/Game/CORREGIR/BP_Key1.BP_Key1_C NativeClass:/Script/Engine.Actor Name:BP_Key1_C_UAID_2CF05DE4A0F44A6D02_1111524623 Label:BP_Key1 SpatiallyLoaded:1 Bounds:IsValid=true, Min=(X=452.000 Y=-488.000 Z=422.000), Max=(X=708.000 Y=-232.000 Z=678.000) RuntimeGrid:None EditorOnly:0 RuntimeOnly:0 HLODRelevant:0 ListedInSceneOutliner:1 IsMainWorldOnly:0
 |   |   |- [+] [  3]
 |   |   |   |- Guid:0F1A280247F5415DEEAD7A86FE9DA6D5 BaseClass:/Game/CORREGIR/BP_MovingPlatform.BP_MovingPlatform_C NativeClass:/Script/Engine.Actor Name:BP_MovingPlatform_C_UAID_2CF05DE4A0F4166D02_1541909494 Label:BP_MovingPlatform2 SpatiallyLoaded:1 Bounds:IsValid=true, Min=(X=-184.917 Y=-3062.089 Z=345.000), Max=(X=184.917 Y=-2677.911 Z=395.000) RuntimeGrid:None EditorOnly:0 RuntimeOnly:0 HLODRelevant:0 ListedInSceneOutliner:1 IsMainWorldOnly:0
 |   |   |- [+] [  4]
 |   |   |   |- Guid:10FD1B7E4DD1CDAB7CF38AB7119A55D1 BaseClass: NativeClass:/Script/Engine.StaticMeshActor Name:StaticMeshActor_UAID_2CF05DE4A0F40D6D02_1876894902 Label:Plane9 SpatiallyLoaded:1 Bounds:IsValid=true, Min=(X=-150.000 Y=1700.000 Z=770.000), Max=(X=150.000 Y=2000.000 Z=795.000) RuntimeGrid:None EditorOnly:0 RuntimeOnly:0 HLODRelevant:1 ListedInSceneOutliner:1 IsMainWorldOnly:0
 |   |   |- [+] [  5]
 |   |   |   |- Guid:14E77FAC4E1DDC885A4F7C95B81E9D19 BaseClass: NativeClass:/Script/Engine.AmbientSound Name:AmbientSound_UAID_2CF05DE4A0F4516D02_1620647855 Label:161438-Birds-Crickets-Costa_Rica-Early_Morning_4 SpatiallyLoaded:1 Bounds:IsValid=true, Min=(X=-390.000 Y=-450.000 Z=820.000), Max=(X=-390.000 Y=-450.000 Z=820.000) RuntimeGrid:None EditorOnly:0 RuntimeOnly:0 HLODRelevant:0 ListedInSceneOutliner:1 IsMainWorldOnly:0
 |   |   |- [+] [  6]
 |   |   |   |- Guid:2FB58999456391D349DC0F86DAC136ED BaseClass: NativeClass:/Script/Engine.SkyLight Name:SkyLight_1 Label:SkyLight SpatiallyLoaded:0 Bounds:IsValid=true, Min=(X=0.000 Y=0.000 Z=690.000), Max=(X=0.000 Y=0.000 Z=690.000) RuntimeGrid:None EditorOnly:0 RuntimeOnly:0 HLODRelevant:0 ListedInSceneOutliner:1 IsMainWorldOnly:0 FolderPath:Lighting FolderGuid:963EC3EB4002CCE9759E2EBA541A873A
 |   |   |- [+] [  7]
 |   |   |   |- Guid:316CF2A6494ACA4C0E4180A87D36AB8F BaseClass: NativeClass:/Script/Engine.ExponentialHeightFog Name:ExponentialHeightFog_0 Label:ExponentialHeightFog SpatiallyLoaded:0 Bounds:IsValid=true, Min=(X=-5600.000 Y=-50.000 Z=-6850.000), Max=(X=-5600.000 Y=-50.000 Z=-6850.000) RuntimeGrid:None EditorOnly:0 RuntimeOnly:0 HLODRelevant:0 ListedInSceneOutliner:1 IsMainWorldOnly:0 FolderPath:Lighting FolderGuid:963EC3EB4002CCE9759E2EBA541A873A
 |   |   |- [+] [  8]
 |   |   |   |- Guid:3A00AA1C422CE54C0BDB60BAF471BFBB BaseClass: NativeClass:/Script/Engine.PlayerStart Name:PlayerStart_0 Label:PlayerStart SpatiallyLoaded:0 Bounds:IsValid=true, Min=(X=-40.000 Y=-40.000 Z=398.000), Max=(X=40.000 Y=40.000 Z=582.000) RuntimeGrid:None EditorOnly:0 RuntimeOnly:0 HLODRelevant:0 ListedInSceneOutliner:1 IsMainWorldOnly:0
 |   |   |- [+] [  9]
 |   |   |   |- Guid:4D3BE93F4146AAAC8BBE79999D96D57F BaseClass: NativeClass:/Script/Engine.VolumetricCloud Name:VolumetricCloud_0 Label:VolumetricCloud SpatiallyLoaded:0 Bounds:IsValid=true, Min=(X=0.000 Y=0.000 Z=820.000), Max=(X=0.000 Y=0.000 Z=820.000) RuntimeGrid:None EditorOnly:0 RuntimeOnly:0 HLODRelevant:0 ListedInSceneOutliner:1 IsMainWorldOnly:0 FolderPath:Lighting FolderGuid:963EC3EB4002CCE9759E2EBA541A873A
 |   |   |- [+] [ 10]
 |   |   |   |- Guid:4D683A334569C0C3C9832D8EBF4A2A64 BaseClass: NativeClass:/Script/Engine.StaticMeshActor Name:StaticMeshActor_UAID_2CF05DE4A0F4026D02_1996351951 Label:Plane SpatiallyLoaded:1 Bounds:IsValid=true, Min=(X=-150.000 Y=-150.000 Z=370.000), Max=(X=150.000 Y=150.000 Z=395.000) RuntimeGrid:None EditorOnly:0 RuntimeOnly:0 HLODRelevant:1 ListedInSceneOutliner:1 IsMainWorldOnly:0
 |   |   |- [+] [ 11]
 |   |   |   |- Guid:6A3D72A74E7F9DD29A88B0BA0FE18CA8 BaseClass: NativeClass:/Script/Engine.StaticMeshActor Name:StaticMeshActor_UAID_2CF05DE4A0F4076D02_1527048841 Label:Cylinder SpatiallyLoaded:1 Bounds:IsValid=true, Min=(X=-49.904 Y=-3259.128 Z=393.170), Max=(X=50.096 Y=-3159.128 Z=418.170) RuntimeGrid:None EditorOnly:0 RuntimeOnly:0 HLODRelevant:1 ListedInSceneOutliner:1 IsMainWorldOnly:0
 |   |   |- [+] [ 12]
 |   |   |   |- Guid:6BAF4DDD444C60371492D3919DB42C97 BaseClass: NativeClass:/Script/Engine.WorldDataLayers Name:WorldDataLayers Label:WorldDataLayers SpatiallyLoaded:0 Bounds:IsValid=true, Min=(X=0.000 Y=0.000 Z=0.000), Max=(X=0.000 Y=0.000 Z=0.000) RuntimeGrid:None EditorOnly:0 RuntimeOnly:0 HLODRelevant:0 ListedInSceneOutliner:1 IsMainWorldOnly:1
 |   |   |- [+] [ 13]
 |   |   |   |- Guid:716503364109E6E55BC640A6AA7ED6D9 BaseClass:/Game/CORREGIR/BP_MovingPlatform.BP_MovingPlatform_C NativeClass:/Script/Engine.Actor Name:BP_MovingPlatform_C_UAID_2CF05DE4A0F4166D02_1618490495 Label:BP_MovingPlatform3 SpatiallyLoaded:1 Bounds:IsValid=true, Min=(X=-184.917 Y=-1802.089 Z=345.000), Max=(X=184.917 Y=-1417.911 Z=395.000) RuntimeGrid:None EditorOnly:0 RuntimeOnly:0 HLODRelevant:0 ListedInSceneOutliner:1 IsMainWorldOnly:0
 |   |   |- [+] [ 14]
 |   |   |   |- Guid:8A5D52A44D9CBFFCEA362891322CA126 BaseClass: NativeClass:/Script/Engine.StaticMeshActor Name:StaticMeshActor_UAID_2CF05DE4A0F40F6D02_1954776260 Label:Plane2 SpatiallyLoaded:1 Bounds:IsValid=true, Min=(X=-150.000 Y=-1457.500 Z=370.000), Max=(X=150.000 Y=-182.500 Z=395.000) RuntimeGrid:None EditorOnly:0 RuntimeOnly:0 HLODRelevant:1 ListedInSceneOutliner:1 IsMainWorldOnly:0
 |   |   |- [+] [ 15]
 |   |   |   |- Guid:939C9B6B450B2D4178FBB6899BECBE82 BaseClass:/Game/CORREGIR/BP_RotationPlatform.BP_RotationPlatform_C NativeClass:/Script/Engine.Actor Name:BP_RotationPlatform_C_UAID_2CF05DE4A0F40F6D02_2058507261 Label:BP_RotationPlatform SpatiallyLoaded:1 Bounds:IsValid=true, Min=(X=160.000 Y=-30.000 Z=417.500), Max=(X=260.000 Y=70.000 Z=442.500) RuntimeGrid:None EditorOnly:0 RuntimeOnly:0 HLODRelevant:0 ListedInSceneOutliner:1 IsMainWorldOnly:0
 |   |   |- [+] [ 16]
 |   |   |   |- Guid:AD0EA3594A7ABF7E97C432AC2D7D639A BaseClass: NativeClass:/Script/Engine.StaticMeshActor Name:StaticMeshActor_UAID_2CF05DE4A0F4076D02_1500609840 Label:Plane5 SpatiallyLoaded:1 Bounds:IsValid=true, Min=(X=-150.000 Y=-3350.000 Z=370.000), Max=(X=150.000 Y=-3050.000 Z=395.000) RuntimeGrid:None EditorOnly:0 RuntimeOnly:0 HLODRelevant:1 ListedInSceneOutliner:1 IsMainWorldOnly:0
 |   |   |- [+] [ 17]
 |   |   |   |- Guid:AD87AE9241DF78669C1626B31607003F BaseClass:/Game/CORREGIR/BP_BouncePad.BP_BouncePad_C NativeClass:/Script/Engine.Actor Name:BP_BouncePad_C_UAID_2CF05DE4A0F4166D02_1798527496 Label:BP_BouncePad2 SpatiallyLoaded:1 Bounds:IsValid=true, Min=(X=-124.028 Y=847.775 Z=508.528), Max=(X=124.028 Y=1112.225 Z=531.472) RuntimeGrid:None EditorOnly:0 RuntimeOnly:0 HLODRelevant:0 ListedInSceneOutliner:1 IsMainWorldOnly:0
 |   |   |- [+] [ 18]
 |   |   |   |- Guid:B2237AEF48BDDD4CD4B78EA879AA4EAE BaseClass:/Game/CORREGIR/BP_RotationPlatform.BP_RotationPlatform_C NativeClass:/Script/Engine.Actor Name:BP_RotationPlatform_C_UAID_2CF05DE4A0F4186D02_1764046850 Label:BP_RotationPlatform2 SpatiallyLoaded:1 Bounds:IsValid=true, Min=(X=300.000 Y=-30.000 Z=457.500), Max=(X=400.000 Y=70.000 Z=482.500) RuntimeGrid:None EditorOnly:0 RuntimeOnly:0 HLODRelevant:0 ListedInSceneOutliner:1 IsMainWorldOnly:0
 |   |   |- [+] [ 19]
 |   |   |   |- Guid:B6BED5A84C2772A6A4E7CBB01330CB28 BaseClass:/Game/CORREGIR/VacioKiller.VacioKiller_C NativeClass:/Script/Engine.Actor Name:VacioKiller_C_UAID_2CF05DE4A0F4046D02_1267185308 Label:VacioKiller SpatiallyLoaded:1 Bounds:IsValid=true, Min=(X=-2296.867 Y=-5364.956 Z=-132.000), Max=(X=2296.867 Y=5364.956 Z=-68.000) RuntimeGrid:None EditorOnly:0 RuntimeOnly:0 HLODRelevant:0 ListedInSceneOutliner:1 IsMainWorldOnly:0
 |   |   |- [+] [ 20]
 |   |   |   |- Guid:B785ED2844B84CFB91E7F39FE661CD99 BaseClass: NativeClass:/Script/Engine.DirectionalLight Name:DirectionalLight_0 Label:DirectionalLight SpatiallyLoaded:0 Bounds:IsValid=true, Min=(X=-1048576.000 Y=-1048576.000 Z=-1048576.000), Max=(X=1048576.000 Y=1048576.000 Z=1048576.000) RuntimeGrid:None EditorOnly:0 RuntimeOnly:0 HLODRelevant:0 ListedInSceneOutliner:1 IsMainWorldOnly:0 FolderPath:Lighting FolderGuid:963EC3EB4002CCE9759E2EBA541A873A
 |   |   |- [+] [ 21]
 |   |   |   |- Guid:CB036FA848EAF150C6628D82D470F16A BaseClass:/Game/CORREGIR/BP_Puerta.BP_Puerta_C NativeClass:/Script/Engine.Actor Name:BP_Puerta_C_UAID_2CF05DE4A0F44A6D02_1127338625 Label:BP_Puerta SpatiallyLoaded:1 Bounds:IsValid=true, Min=(X=726.655 Y=-120.720 Z=469.939), Max=(X=753.345 Y=140.720 Z=710.061) RuntimeGrid:None EditorOnly:0 RuntimeOnly:0 HLODRelevant:0 ListedInSceneOutliner:1 IsMainWorldOnly:0
 |   |   |- [+] [ 22]
 |   |   |   |- Guid:CCFF262C46EEFFDF319E7F9539CE697E BaseClass: NativeClass:/Script/Engine.SkyAtmosphere Name:SkyAtmosphere_0 Label:SkyAtmosphere SpatiallyLoaded:0 Bounds:IsValid=true, Min=(X=0.000 Y=0.000 Z=1020.000), Max=(X=0.000 Y=0.000 Z=1020.000) RuntimeGrid:None EditorOnly:0 RuntimeOnly:0 HLODRelevant:0 ListedInSceneOutliner:1 IsMainWorldOnly:0 FolderPath:Lighting FolderGuid:963EC3EB4002CCE9759E2EBA541A873A
 |   |   |- [+] [ 23]
 |   |   |   |- Guid:D5A0A6274C5A8C00A15243A94B358323 BaseClass:/Game/CORREGIR/BP_BouncePad.BP_BouncePad_C NativeClass:/Script/Engine.Actor Name:BP_BouncePad_C_UAID_2CF05DE4A0F40F6D02_1442107257 Label:BP_BouncePad SpatiallyLoaded:1 Bounds:IsValid=true, Min=(X=-124.028 Y=377.775 Z=368.528), Max=(X=124.028 Y=642.225 Z=391.472) RuntimeGrid:None EditorOnly:0 RuntimeOnly:0 HLODRelevant:0 ListedInSceneOutliner:1 IsMainWorldOnly:0
 |   |   |- [+] [ 24]
 |   |   |   |- Guid:E19451E042A2A78FE877BF957D93DD9F BaseClass:/Game/CORREGIR/BP_canon.BP_canon_C NativeClass:/Script/Engine.Actor Name:BP_canon_C_UAID_2CF05DE4A0F4526D02_1511866032 Label:BP_canon SpatiallyLoaded:1 Bounds:IsValid=true, Min=(X=-320.000 Y=-620.000 Z=380.000), Max=(X=30.000 Y=-460.000 Z=540.000) RuntimeGrid:None EditorOnly:0 RuntimeOnly:0 HLODRelevant:0 ListedInSceneOutliner:1 IsMainWorldOnly:0
 |   |   |- [+] [ 25]
 |   |   |   |- Guid:EEBF98DA46BABA4734AFD593A2B2BD3C BaseClass: NativeClass:/Script/Engine.StaticMeshActor Name:StaticMeshActor_UAID_2CF05DE4A0F40D6D02_1894422903 Label:Cylinder2 SpatiallyLoaded:1 Bounds:IsValid=true, Min=(X=-49.904 Y=1800.872 Z=793.170), Max=(X=50.096 Y=1900.872 Z=818.170) RuntimeGrid:None EditorOnly:0 RuntimeOnly:0 HLODRelevant:1 ListedInSceneOutliner:1 IsMainWorldOnly:0
 |   |   |- [+] [ 26]
 |   |   |   |- Guid:F5E3FEB3450C49844FD93DA8E083C8AD BaseClass: NativeClass:/Script/Engine.PostProcessVolume Name:PostProcessVolume_0 Label:PostProcessVolume SpatiallyLoaded:0 Bounds:IsValid=true, Min=(X=0.000 Y=0.000 Z=400.000), Max=(X=200.000 Y=200.000 Z=600.000) RuntimeGrid:None EditorOnly:0 RuntimeOnly:0 HLODRelevant:0 ListedInSceneOutliner:1 IsMainWorldOnly:0 FolderPath:Lighting FolderGuid:963EC3EB4002CCE9759E2EBA541A873A
 |   |   |- [+] [ 27]
 |   |   |   |- Guid:F7E67CEA4E1A7A4D7CB4549AC2C7B400 BaseClass:/Game/CORREGIR/BP_canon.BP_canon_C NativeClass:/Script/Engine.Actor Name:BP_canon_C_UAID_2CF05DE4A0F4586D02_1535288092 Label:BP_canon3 SpatiallyLoaded:1 Bounds:IsValid=true, Min=(X=-320.000 Y=-1170.000 Z=380.000), Max=(X=30.000 Y=-1010.000 Z=540.000) RuntimeGrid:None EditorOnly:0 RuntimeOnly:0 HLODRelevant:0 ListedInSceneOutliner:1 IsMainWorldOnly:0
 |   |   |- [+] [ 28]
 |   |   |   |- Guid:FFA82D9E4154EC458343B69404C0A07E BaseClass:/Game/CORREGIR/BP_BouncePad.BP_BouncePad_C NativeClass:/Script/Engine.Actor Name:BP_BouncePad_C_UAID_2CF05DE4A0F4166D02_1807661497 Label:BP_BouncePad3 SpatiallyLoaded:1 Bounds:IsValid=true, Min=(X=-124.028 Y=1267.775 Z=668.528), Max=(X=124.028 Y=1532.225 Z=691.472) RuntimeGrid:None EditorOnly:0 RuntimeOnly:0 HLODRelevant:0 ListedInSceneOutliner:1 IsMainWorldOnly:0
 |- ContainerInstances:
 |- [+] MainContainer:
 |   |-        ID: 00000000000000000000000000000000
 |   |-  ParentID: 00000000000000000000000000000000
 |   |-    Bounds: IsValid=false, Min=(X=0.000 Y=0.000 Z=0.000), Max=(X=0.000 Y=0.000 Z=0.000)
 |   |- Transform: 0.000000,0.000000,0.000000|0.000000,0.000000,-0.000000|1.000000,1.000000,1.000000
 |   |- Container: /Game/ThirdPerson/Maps/ThirdPersonMap
----------------------------------------------------------------------------------------------------------------
ThirdPersonMap - Persistent Level
----------------------------------------------------------------------------------------------------------------
[+] Content of ThirdPersonMap Persistent Level
 |- Always loaded Actor Count: 33 
 |- Actor Path: /Game/ThirdPerson/Maps/ThirdPersonMap.ThirdPersonMap:PersistentLevel.AmbientSound_UAID_2CF05DE4A0F4516D02_1620647855
 |- Actor Package: /Game/__ExternalActors__/ThirdPerson/Maps/ThirdPersonMap/E/1X/2ONK58BC3MELN4TSK8QEVQ
 |- Actor Path: /Game/ThirdPerson/Maps/ThirdPersonMap.ThirdPersonMap:PersistentLevel.BP_Botas_C_UAID_2CF05DE4A0F40C6D02_1131814722
 |- Actor Package: /Game/__ExternalActors__/ThirdPerson/Maps/ThirdPersonMap/5/G4/413X3E6E3AD4171ZVQQDC6
 |- Actor Path: /Game/ThirdPerson/Maps/ThirdPersonMap.ThirdPersonMap:PersistentLevel.BP_BouncePad_C_UAID_2CF05DE4A0F40F6D02_1442107257
 |- Actor Package: /Game/__ExternalActors__/ThirdPerson/Maps/ThirdPersonMap/8/DI/0L5ZKI2KCQO5XFVER8B0KG
 |- Actor Path: /Game/ThirdPerson/Maps/ThirdPersonMap.ThirdPersonMap:PersistentLevel.BP_BouncePad_C_UAID_2CF05DE4A0F4166D02_1798527496
 |- Actor Package: /Game/__ExternalActors__/ThirdPerson/Maps/ThirdPersonMap/D/C1/2GP5BRZUKRLDOZS1RO6ZYL
 |- Actor Path: /Game/ThirdPerson/Maps/ThirdPersonMap.ThirdPersonMap:PersistentLevel.BP_BouncePad_C_UAID_2CF05DE4A0F4166D02_1807661497
 |- Actor Package: /Game/__ExternalActors__/ThirdPerson/Maps/ThirdPersonMap/C/EE/FFH9X0KACAQD1LOXPF5I9K
 |- Actor Path: /Game/ThirdPerson/Maps/ThirdPersonMap.ThirdPersonMap:PersistentLevel.BP_canon_C_UAID_2CF05DE4A0F4526D02_1511866032
 |- Actor Package: /Game/__ExternalActors__/ThirdPerson/Maps/ThirdPersonMap/C/FG/1ZFAVI06QVULKYF3IURRJY
 |- Actor Path: /Game/ThirdPerson/Maps/ThirdPersonMap.ThirdPersonMap:PersistentLevel.BP_canon_C_UAID_2CF05DE4A0F4586D02_1527378091
 |- Actor Package: /Game/__ExternalActors__/ThirdPerson/Maps/ThirdPersonMap/5/CG/5QSTY9I9PRZF3E1OGZ4GML
 |- Actor Path: /Game/ThirdPerson/Maps/ThirdPersonMap.ThirdPersonMap:PersistentLevel.BP_canon_C_UAID_2CF05DE4A0F4586D02_1535288092
 |- Actor Package: /Game/__ExternalActors__/ThirdPerson/Maps/ThirdPersonMap/C/DR/2TL4DDPZ8L6P9G4DCH5ZR3
 |- Actor Path: /Game/ThirdPerson/Maps/ThirdPersonMap.ThirdPersonMap:PersistentLevel.BP_Jetpack_C_UAID_2CF05DE4A0F40E6D02_2038386080
 |- Actor Package: /Game/__ExternalActors__/ThirdPerson/Maps/ThirdPersonMap/9/1H/TQP9RXL3VAFMFM4IYRO2U3
 |- Actor Path: /Game/ThirdPerson/Maps/ThirdPersonMap.ThirdPersonMap:PersistentLevel.BP_Key1_C_UAID_2CF05DE4A0F44A6D02_1111524623
 |- Actor Package: /Game/__ExternalActors__/ThirdPerson/Maps/ThirdPersonMap/2/GF/ZZZ6CFMF0FH64AA2TXAA8T
 |- Actor Path: /Game/ThirdPerson/Maps/ThirdPersonMap.ThirdPersonMap:PersistentLevel.BP_Key1_C_UAID_2CF05DE4A0F4576D02_1987135914
 |- Actor Package: /Game/__ExternalActors__/ThirdPerson/Maps/ThirdPersonMap/E/XX/7SD1X2CBIB9D8N2HFE8EV6
 |- Actor Path: /Game/ThirdPerson/Maps/ThirdPersonMap.ThirdPersonMap:PersistentLevel.BP_MovingPlatform_C_UAID_2CF05DE4A0F4166D02_1541909494
 |- Actor Package: /Game/__ExternalActors__/ThirdPerson/Maps/ThirdPersonMap/E/T8/HXHM1I1HIIB430LTMRNK87
 |- Actor Path: /Game/ThirdPerson/Maps/ThirdPersonMap.ThirdPersonMap:PersistentLevel.BP_MovingPlatform_C_UAID_2CF05DE4A0F4166D02_1618490495
 |- Actor Package: /Game/__ExternalActors__/ThirdPerson/Maps/ThirdPersonMap/8/SV/INOLTOEWUDQ4HMQ7UUS790
 |- Actor Path: /Game/ThirdPerson/Maps/ThirdPersonMap.ThirdPersonMap:PersistentLevel.BP_Puerta_C_UAID_2CF05DE4A0F44A6D02_1127338625
 |- Actor Package: /Game/__ExternalActors__/ThirdPerson/Maps/ThirdPersonMap/D/AA/DXW2SZM9KHNNNZBGAXMXZE
 |- Actor Path: /Game/ThirdPerson/Maps/ThirdPersonMap.ThirdPersonMap:PersistentLevel.BP_RotationManager_C_UAID_2CF05DE4A0F4E36E02_1518224607
 |- Actor Package: /Game/__ExternalActors__/ThirdPerson/Maps/ThirdPersonMap/8/LS/XCSBCNNQ8DITCV020PTGO8
 |- Actor Path: /Game/ThirdPerson/Maps/ThirdPersonMap.ThirdPersonMap:PersistentLevel.BP_RotationPlatform_C_UAID_2CF05DE4A0F40F6D02_2058507261
 |- Actor Package: /Game/__ExternalActors__/ThirdPerson/Maps/ThirdPersonMap/0/LF/KD5GOZQY6VK3TVCN5342LD
 |- Actor Path: /Game/ThirdPerson/Maps/ThirdPersonMap.ThirdPersonMap:PersistentLevel.BP_RotationPlatform_C_UAID_2CF05DE4A0F4186D02_1764046850
 |- Actor Package: /Game/__ExternalActors__/ThirdPerson/Maps/ThirdPersonMap/8/9G/Y4MV4DORAR728P8QDXDPNI
 |- Actor Path: /Game/ThirdPerson/Maps/ThirdPersonMap.ThirdPersonMap:PersistentLevel.DirectionalLight_0
 |- Actor Package: /Game/__ExternalActors__/ThirdPerson/Maps/ThirdPersonMap/5/R1/TS5OQ5CRUWFZYL1ZQ7I416
 |- Actor Path: /Game/ThirdPerson/Maps/ThirdPersonMap.ThirdPersonMap:PersistentLevel.ExponentialHeightFog_0
 |- Actor Package: /Game/__ExternalActors__/ThirdPerson/Maps/ThirdPersonMap/6/J7/N10XDC9G27EMLS5AGZ6AVV
 |- Actor Path: /Game/ThirdPerson/Maps/ThirdPersonMap.ThirdPersonMap:PersistentLevel.PlayerStart_0
 |- Actor Package: /Game/__ExternalActors__/ThirdPerson/Maps/ThirdPersonMap/D/DE/SWSI13675DVYIZ0N4NF7Y3
 |- Actor Path: /Game/ThirdPerson/Maps/ThirdPersonMap.ThirdPersonMap:PersistentLevel.PostProcessVolume_0
 |- Actor Package: /Game/__ExternalActors__/ThirdPerson/Maps/ThirdPersonMap/1/AZ/A7GPT109Y6ZTTJD4A7TXER
 |- Actor Path: /Game/ThirdPerson/Maps/ThirdPersonMap.ThirdPersonMap:PersistentLevel.SkyAtmosphere_0
 |- Actor Package: /Game/__ExternalActors__/ThirdPerson/Maps/ThirdPersonMap/4/LN/30UBDLYFFA5ZR7U4W4L4GG
 |- Actor Path: /Game/ThirdPerson/Maps/ThirdPersonMap.ThirdPersonMap:PersistentLevel.SkyLight_1
 |- Actor Package: /Game/__ExternalActors__/ThirdPerson/Maps/ThirdPersonMap/8/S1/DXUWD12MD3HRWVVXX076BY
 |- Actor Path: /Game/ThirdPerson/Maps/ThirdPersonMap.ThirdPersonMap:PersistentLevel.StaticMeshActor_UAID_2CF05DE4A0F4026D02_1996351951
 |- Actor Package: /Game/__ExternalActors__/ThirdPerson/Maps/ThirdPersonMap/9/GY/60LY3GSU96XWI04723BH72
 |- Actor Path: /Game/ThirdPerson/Maps/ThirdPersonMap.ThirdPersonMap:PersistentLevel.StaticMeshActor_UAID_2CF05DE4A0F4076D02_1500609840
 |- Actor Package: /Game/__ExternalActors__/ThirdPerson/Maps/ThirdPersonMap/4/OL/4ZOJQBD7JDXLP3R18LSQPA
 |- Actor Path: /Game/ThirdPerson/Maps/ThirdPersonMap.ThirdPersonMap:PersistentLevel.StaticMeshActor_UAID_2CF05DE4A0F4076D02_1527048841
 |- Actor Package: /Game/__ExternalActors__/ThirdPerson/Maps/ThirdPersonMap/7/FT/D797MY4DDCLLC0PLKYPY4G
 |- Actor Path: /Game/ThirdPerson/Maps/ThirdPersonMap.ThirdPersonMap:PersistentLevel.StaticMeshActor_UAID_2CF05DE4A0F40D6D02_1876894902
 |- Actor Package: /Game/__ExternalActors__/ThirdPerson/Maps/ThirdPersonMap/D/4M/PY58AJ4RZQBOT25V0XLLQT
 |- Actor Path: /Game/ThirdPerson/Maps/ThirdPersonMap.ThirdPersonMap:PersistentLevel.StaticMeshActor_UAID_2CF05DE4A0F40D6D02_1894422903
 |- Actor Package: /Game/__ExternalActors__/ThirdPerson/Maps/ThirdPersonMap/8/9D/AO89YVY84M815ONXIQA3AO
 |- Actor Path: /Game/ThirdPerson/Maps/ThirdPersonMap.ThirdPersonMap:PersistentLevel.StaticMeshActor_UAID_2CF05DE4A0F40F6D02_1954776260
 |- Actor Package: /Game/__ExternalActors__/ThirdPerson/Maps/ThirdPersonMap/E/JY/736PJWHP1B0X9XQKV8M5F7
 |- Actor Path: /Game/ThirdPerson/Maps/ThirdPersonMap.ThirdPersonMap:PersistentLevel.StaticMeshActor_UAID_2CF05DE4A0F4186D02_1774599851
 |- Actor Package: /Game/__ExternalActors__/ThirdPerson/Maps/ThirdPersonMap/4/19/ZQ21WE6KU3ATIOFT5NK1WG
 |- Actor Path: /Game/ThirdPerson/Maps/ThirdPersonMap.ThirdPersonMap:PersistentLevel.VacioKiller_C_UAID_2CF05DE4A0F4046D02_1267185308
 |- Actor Package: /Game/__ExternalActors__/ThirdPerson/Maps/ThirdPersonMap/8/86/L5WOIEIS8G90PG81NFMQ2S
 |- Actor Path: /Game/ThirdPerson/Maps/ThirdPersonMap.ThirdPersonMap:PersistentLevel.VolumetricCloud_0
 |- Actor Package: /Game/__ExternalActors__/ThirdPerson/Maps/ThirdPersonMap/3/EY/87SHEJN5UBEAN2K5OV1G6R
 |- Actor Path: /Game/ThirdPerson/Maps/ThirdPersonMap.ThirdPersonMap:PersistentLevel.WorldDataLayers
 |- Actor Package: /Game/__ExternalActors__/ThirdPerson/Maps/ThirdPersonMap/0/43/HYQWORMY4JDQ5X3OKZXFLC

----------------------------------------------------------------------------------------------------------------
ThirdPersonMap - Runtime Hash Set
----------------------------------------------------------------------------------------------------------------

